<?xml version="1.0" encoding="UTF-8"?>
<!-- Generated by org.testng.reporters.JUnitReportReporter -->
<testsuite hostname="IMPC1621" failures="0" tests="1" name="HTC.POC.SampleTestCase" time="15.948" errors="0" timestamp="02 May 2018 10:37:34 GMT" skipped="0">
  <testcase classname="HTC.POC.SampleTestCase" name="f" time="15.948"/>
</testsuite> <!-- HTC.POC.SampleTestCase -->
