<?xml version="1.0" encoding="UTF-8"?>
<!-- Generated by org.testng.reporters.JUnitReportReporter -->
<testsuite hostname="IMPC1621" failures="0" tests="1" name="HTC.POC.SampleTestCase" time="13.097" errors="0" timestamp="13 Apr 2018 10:19:45 GMT" skipped="0">
  <testcase classname="HTC.POC.SampleTestCase" name="f" time="13.097"/>
</testsuite> <!-- HTC.POC.SampleTestCase -->
